1582278695164	mozrunner::runner	INFO	Running command: "C:\\Program Files (x86)\\Mozilla Firefox\\firefox.exe" "-marionette" "-foreground" "-no-remote" "-profile" "C:\\Users\\Pritam\\AppData\\Local\\Temp\\rust_mozprofilejaMcSZ"
1582278699741	addons.xpi	WARN	Error parsing extensions state: [Exception... "Component returned failure code: 0x80520012 (NS_ERROR_FILE_NOT_FOUND) [amIAddonManagerStartup.readStartupData]"  nsresult: "0x80520012 (NS_ERROR_FILE_NOT_FOUND)"  location: "JS frame :: resource://gre/modules/addons/XPIProvider.jsm :: loadExtensionState :: line 1554"  data: no] Stack trace: loadExtensionState()@resource://gre/modules/addons/XPIProvider.jsm:1554 < getInstallState()@resource://gre/modules/addons/XPIProvider.jsm:1589 < checkForChanges()@resource://gre/modules/addons/XPIProvider.jsm:3109 < startup()@resource://gre/modules/addons/XPIProvider.jsm:2188 < callProvider()@resource://gre/modules/AddonManager.jsm:269 < _startProvider()@resource://gre/modules/AddonManager.jsm:739 < startup()@resource://gre/modules/AddonManager.jsm:906 < startup()@resource://gre/modules/AddonManager.jsm:3090 < observe()@jar:file:///C:/Program%20Files%20(x86)/Mozilla%20Firefox/omni.ja!/components/addonManager.js:65
1582278704125	Marionette	INFO	Enabled via --marionette
[Child 10412] WARNING: pipe error: 109: file z:/build/build/src/ipc/chromium/src/chrome/common/ipc_channel_win.cc, line 346
[Child 10412] WARNING: pipe e1582278723231	Marionette	INFO	Listening on port 57972
[Parent 6088] WARNING: pipe error: 109: file z:/build/build/src/ipc/chromium/src/chrome/common/ipc_channel_win.cc, line 346
[Parent 6088] WARNING: pipe error: 109: file z:/build/build/src/ipc/chromium/src/chrome/common/ipc_channel_win.cc, line 346
[Child 8092] WARNING: pipe error: 109: file z:/build/build/src/ipc/chromium/src/chrome/common/ipc_channel_win.cc, line 346
[Child 8092] *** UTM:SVC TimerManager:registerTimer called after profile-before-change notification. Ignoring timer registration for id: telemetry_modules_ping
[GPU 5388] WARNING: pipe error: 109: file z:/build/build/src/ipc/chromium/src/chrome/common/ipc_channel_win.cc, line 346

###!!! [Child][MessageChannel::SendAndWait] Error: Channel error: cannot send/recv

1582278746024	mozrunner::runner	INFO	Running command: "C:\\Program Files (x86)\\Mozilla Firefox\\firefox.exe" "-marionette" "-foreground" "-no-remote" "-profile" "C:\\Users\\Pritam\\AppData\\Local\\Temp\\rust_mozprofile8khovK"
1582278797586	mozrunner::runner	INFO	Running command: "C:\\Program Files (x86)\\Mozilla Firefox\\firefox.exe" "-marionette" "-foreground" "-no-remote" "-profile" "C:\\Users\\Pritam\\AppData\\Local\\Temp\\rust_mozprofileT462pg"
1582278804737	addons.webextension.screenshots@mozilla.org	WARN	Loading extension 'screenshots@mozilla.org': Reading manifest: Invalid extension permission: mozillaAddons
1582278804737	addons.webextension.screenshots@mozilla.org	WARN	Loading extension 'screenshots@mozilla.org': Reading manifest: Invalid extension permission: telemetry
1582278804737	addons.webextension.screenshots@mozilla.org	WARN	Loading extension 'screenshots@mozilla.org': Reading manifest: Invalid extension permission: resource://pdf.js/
1582278804738	addons.webextension.screenshots@mozilla.org	WARN	Loading extension 'screenshots@mozilla.org': Reading manifest: Invalid extension permission: about:reader*
JavaScript error: resource://gre/modules/XULStore.jsm, line 66: Error: Can't find profile directory.
console.error: "Could not write session state file " (new Error("_initWorker called too early! Please read the session file from disk first.", "resource:///modules/sessionstore/SessionFile.jsm", 375)) "_initWorker/<@resource:///modules/sessionstore/SessionFile.jsm:375:15\n_initWorker@resource:///modules/sessionstore/SessionFile.jsm:368:12\n_postToWorker@resource:///modules/sessionstore/SessionFile.jsm:410:16\nwrite@resource:///modules/sessionstore/SessionFile.jsm:448:24\nwrite@resource:///modules/sessionstore/SessionFile.jsm:75:32\n_writeState@resource:///modules/sessionstore/SessionSaver.jsm:360:24\n_saveState@resource:///modules/sessionstore/SessionSaver.jsm:294:17\n_saveStateAsync@resource:///modules/sessionstore/SessionSaver.jsm:344:10\nsaveStateAsyncWhenIdle@resource:///modules/sessionstore/SessionSaver.jsm:191:14\ncallback@resource://gre/modules/Timer.jsm:125:7\n"
[Parent 8004, Gecko_IOThread] WARNING: pipe error: 109: file z:/task_1566864336/build/src/ipc/chromium/src/chrome/common/ipc_channel_win.cc, line 341
[Child 9896, Chrome_ChildThread] WARNING: pipe error: 109: file z:/task_1566864336/build/src/ipc/chromium/src/chrome/common/ipc_channel_win.cc, line 341
[Parent 8004, Gecko_IOThread] WARNING: file z:/task_1566864336/build/src/ipc/chromium/src/base/process_util_win.cc, line 160
JavaScript error: resource://activity-stream/lib/ActivityStreamPrefs.jsm, line 27: NS_ERROR_ILLEGAL_VALUE: Component returned failure code: 0x80070057 (NS_ERROR_ILLEGAL_VALUE) [nsIPrefBranch.removeObserver]
[Parent 8004, Gecko_IOThread] WARNING: pipe error: 109: file z:/task_1566864336/build/src/ipc/chromium/src/chrome/common/ipc_channel_win.cc, line 341
[Child 10380, Chrome_ChildThread] WARNING: pipe error: 109: file z:/task_1566864336/build/src/ipc/chromium/src/chrome/common/ipc_channel_win.cc, line 341
[Child 103[Child 10856, Chrome_ChildThread] WARNING: pipe error: 109: file z:/task_1566864336/build/src/ipc/chromium/src/chrome/common/ipc_channel_win.cc, line 341
[Child 10851582278853486	Marionette	INFO	Listening on port 58031
[Parent 8004, Gecko_IOThread] WARNING: pipe error: 109: file z:/task_1566864336/build/src/ipc/chromium/src/chrome/common/ipc_channel_win.cc, line 341
[Child 8292, Chrome_ChildThread] WARNING: pipe error: 109: file z:/task_1566864336/build/src/ipc/chromium/src/chrome/common/ipc_channel_win.cc, line 341
[Child 8292, 1582278862689	Marionette	INFO	Stopped listening on port 58031

###!!! [Child][RunMessage] Error: Channel closing: too late to send/recv, messages will be lost

[GPU 5912, Chr
###!!! [Child][MessageChannel::SendAndWait] Error: Channel error: cannot send/recv

